<?xml version="1.0" encoding="UTF-8"?>
<coverage generated="1647277955567" clover="3.2.0">
  <project timestamp="1647277955567" name="All files">
    <metrics statements="49" coveredstatements="23" conditionals="15" coveredconditionals="7" methods="19" coveredmethods="6" elements="83" coveredelements="36" complexity="0" loc="49" ncloc="49" packages="1" files="2" classes="2"/>
    <file name="Railmap.js" path="/home/matt/Programming/snapping-rails/web/src/components/Railmap.js">
      <metrics statements="30" coveredstatements="22" conditionals="11" coveredconditionals="7" methods="12" coveredmethods="6"/>
      <line num="15" count="2" type="stmt"/>
      <line num="16" count="5" type="stmt"/>
      <line num="21" count="5" type="stmt"/>
      <line num="23" count="5" type="stmt"/>
      <line num="25" count="5" type="stmt"/>
      <line num="26" count="5" type="stmt"/>
      <line num="28" count="5" type="stmt"/>
      <line num="29" count="5" type="stmt"/>
      <line num="30" count="5" type="stmt"/>
      <line num="32" count="5" type="stmt"/>
      <line num="34" count="5" type="stmt"/>
      <line num="35" count="0" type="stmt"/>
      <line num="38" count="5" type="stmt"/>
      <line num="39" count="0" type="stmt"/>
      <line num="40" count="0" type="stmt"/>
      <line num="43" count="5" type="stmt"/>
      <line num="44" count="2" type="stmt"/>
      <line num="45" count="2" type="stmt"/>
      <line num="47" count="2" type="cond" truecount="3" falsecount="1"/>
      <line num="48" count="2" type="stmt"/>
      <line num="51" count="0" type="cond" truecount="0" falsecount="2"/>
      <line num="52" count="0" type="stmt"/>
      <line num="55" count="0" type="stmt"/>
      <line num="58" count="5" type="stmt"/>
      <line num="61" count="7" type="stmt"/>
      <line num="117" count="2" type="stmt"/>
      <line num="118" count="2" type="stmt"/>
      <line num="137" count="0" type="stmt"/>
      <line num="150" count="0" type="stmt"/>
      <line num="153" count="1" type="stmt"/>
    </file>
    <file name="RailmapDraggableMarker.js" path="/home/matt/Programming/snapping-rails/web/src/components/RailmapDraggableMarker.js">
      <metrics statements="19" coveredstatements="1" conditionals="4" coveredconditionals="0" methods="7" coveredmethods="0"/>
      <line num="6" count="2" type="stmt"/>
      <line num="7" count="0" type="stmt"/>
      <line num="8" count="0" type="stmt"/>
      <line num="9" count="0" type="stmt"/>
      <line num="10" count="0" type="stmt"/>
      <line num="11" count="0" type="stmt"/>
      <line num="13" count="0" type="stmt"/>
      <line num="14" count="0" type="cond" truecount="0" falsecount="2"/>
      <line num="15" count="0" type="stmt"/>
      <line num="21" count="0" type="stmt"/>
      <line num="22" count="0" type="stmt"/>
      <line num="23" count="0" type="stmt"/>
      <line num="26" count="0" type="stmt"/>
      <line num="27" count="0" type="stmt"/>
      <line num="30" count="0" type="stmt"/>
      <line num="31" count="0" type="stmt"/>
      <line num="34" count="0" type="stmt"/>
      <line num="38" count="0" type="stmt"/>
      <line num="50" count="0" type="stmt"/>
    </file>
  </project>
</coverage>
