{"/home/matt/Programming/snapping-rails/web/src/App.js": {"path":"/home/matt/Programming/snapping-rails/web/src/App.js","statementMap":{"0":{"start":{"line":17,"column":2},"end":{"line":38,"column":4}}},"fnMap":{"0":{"name":"App","decl":{"start":{"line":16,"column":9},"end":{"line":16,"column":12}},"loc":{"start":{"line":16,"column":15},"end":{"line":39,"column":1}},"line":16}},"branchMap":{},"s":{"0":2},"f":{"0":2},"b":{},"_coverageSchema":"1a1c01bbd47fc00a2c39e90264f33305004495a9","hash":"34df586432726dff62cb5dda0865de35c47cb5f0"}
}
