{"/home/matt/Programming/snapping-rails/web/src/components/Railmap.js": {"path":"/home/matt/Programming/snapping-rails/web/src/components/Railmap.js","statementMap":{"0":{"start":{"line":15,"column":16},"end":{"line":166,"column":1}},"1":{"start":{"line":16,"column":40},"end":{"line":16,"column":55}},"2":{"start":{"line":21,"column":6},"end":{"line":21,"column":66}},"3":{"start":{"line":23,"column":42},"end":{"line":23,"column":59}},"4":{"start":{"line":25,"column":64},"end":{"line":25,"column":76}},"5":{"start":{"line":26,"column":24},"end":{"line":26,"column":38}},"6":{"start":{"line":28,"column":36},"end":{"line":28,"column":51}},"7":{"start":{"line":29,"column":26},"end":{"line":29,"column":50}},"8":{"start":{"line":29,"column":32},"end":{"line":29,"column":50}},"9":{"start":{"line":30,"column":27},"end":{"line":30,"column":52}},"10":{"start":{"line":30,"column":33},"end":{"line":30,"column":52}},"11":{"start":{"line":32,"column":56},"end":{"line":32,"column":71}},"12":{"start":{"line":34,"column":23},"end":{"line":36,"column":3}},"13":{"start":{"line":35,"column":4},"end":{"line":35,"column":27}},"14":{"start":{"line":38,"column":28},"end":{"line":41,"column":3}},"15":{"start":{"line":39,"column":4},"end":{"line":39,"column":37}},"16":{"start":{"line":40,"column":4},"end":{"line":40,"column":33}},"17":{"start":{"line":43,"column":29},"end":{"line":56,"column":3}},"18":{"start":{"line":44,"column":23},"end":{"line":44,"column":73}},"19":{"start":{"line":45,"column":4},"end":{"line":45,"column":48}},"20":{"start":{"line":47,"column":4},"end":{"line":49,"column":5}},"21":{"start":{"line":48,"column":6},"end":{"line":48,"column":13}},"22":{"start":{"line":51,"column":4},"end":{"line":53,"column":5}},"23":{"start":{"line":52,"column":6},"end":{"line":52,"column":34}},"24":{"start":{"line":55,"column":4},"end":{"line":55,"column":11}},"25":{"start":{"line":58,"column":2},"end":{"line":165,"column":4}},"26":{"start":{"line":61,"column":48},"end":{"line":61,"column":71}},"27":{"start":{"line":117,"column":28},"end":{"line":117,"column":37}},"28":{"start":{"line":118,"column":26},"end":{"line":118,"column":54}},"29":{"start":{"line":137,"column":12},"end":{"line":137,"column":67}},"30":{"start":{"line":150,"column":12},"end":{"line":150,"column":55}},"31":{"start":{"line":153,"column":12},"end":{"line":153,"column":41}}},"fnMap":{"0":{"name":"(anonymous_0)","decl":{"start":{"line":15,"column":16},"end":{"line":15,"column":17}},"loc":{"start":{"line":15,"column":22},"end":{"line":166,"column":1}},"line":15},"1":{"name":"(anonymous_1)","decl":{"start":{"line":29,"column":26},"end":{"line":29,"column":27}},"loc":{"start":{"line":29,"column":32},"end":{"line":29,"column":50}},"line":29},"2":{"name":"(anonymous_2)","decl":{"start":{"line":30,"column":27},"end":{"line":30,"column":28}},"loc":{"start":{"line":30,"column":33},"end":{"line":30,"column":52}},"line":30},"3":{"name":"(anonymous_3)","decl":{"start":{"line":34,"column":23},"end":{"line":34,"column":24}},"loc":{"start":{"line":34,"column":29},"end":{"line":36,"column":3}},"line":34},"4":{"name":"(anonymous_4)","decl":{"start":{"line":38,"column":28},"end":{"line":38,"column":29}},"loc":{"start":{"line":38,"column":34},"end":{"line":41,"column":3}},"line":38},"5":{"name":"(anonymous_5)","decl":{"start":{"line":43,"column":29},"end":{"line":43,"column":30}},"loc":{"start":{"line":43,"column":42},"end":{"line":56,"column":3}},"line":43},"6":{"name":"(anonymous_6)","decl":{"start":{"line":61,"column":37},"end":{"line":61,"column":38}},"loc":{"start":{"line":61,"column":48},"end":{"line":61,"column":71}},"line":61},"7":{"name":"(anonymous_7)","decl":{"start":{"line":117,"column":21},"end":{"line":117,"column":22}},"loc":{"start":{"line":117,"column":28},"end":{"line":117,"column":37}},"line":117},"8":{"name":"(anonymous_8)","decl":{"start":{"line":118,"column":19},"end":{"line":118,"column":20}},"loc":{"start":{"line":118,"column":26},"end":{"line":118,"column":54}},"line":118},"9":{"name":"(anonymous_9)","decl":{"start":{"line":136,"column":22},"end":{"line":136,"column":23}},"loc":{"start":{"line":137,"column":12},"end":{"line":137,"column":67}},"line":137},"10":{"name":"(anonymous_10)","decl":{"start":{"line":149,"column":22},"end":{"line":149,"column":23}},"loc":{"start":{"line":149,"column":28},"end":{"line":151,"column":11}},"line":149},"11":{"name":"(anonymous_11)","decl":{"start":{"line":152,"column":29},"end":{"line":152,"column":30}},"loc":{"start":{"line":152,"column":35},"end":{"line":154,"column":11}},"line":152}},"branchMap":{"0":{"loc":{"start":{"line":18,"column":10},"end":{"line":18,"column":22}},"type":"default-arg","locations":[{"start":{"line":18,"column":20},"end":{"line":18,"column":22}}],"line":18},"1":{"loc":{"start":{"line":47,"column":4},"end":{"line":49,"column":5}},"type":"if","locations":[{"start":{"line":47,"column":4},"end":{"line":49,"column":5}},{"start":{},"end":{}}],"line":47},"2":{"loc":{"start":{"line":47,"column":8},"end":{"line":47,"column":65}},"type":"binary-expr","locations":[{"start":{"line":47,"column":8},"end":{"line":47,"column":35}},{"start":{"line":47,"column":39},"end":{"line":47,"column":65}}],"line":47},"3":{"loc":{"start":{"line":51,"column":4},"end":{"line":53,"column":5}},"type":"if","locations":[{"start":{"line":51,"column":4},"end":{"line":53,"column":5}},{"start":{},"end":{}}],"line":51},"4":{"loc":{"start":{"line":135,"column":9},"end":{"line":138,"column":12}},"type":"binary-expr","locations":[{"start":{"line":135,"column":9},"end":{"line":135,"column":16}},{"start":{"line":136,"column":10},"end":{"line":138,"column":12}}],"line":135},"5":{"loc":{"start":{"line":140,"column":9},"end":{"line":146,"column":9}},"type":"binary-expr","locations":[{"start":{"line":140,"column":9},"end":{"line":140,"column":42}},{"start":{"line":141,"column":10},"end":{"line":145,"column":12}}],"line":140}},"s":{"0":2,"1":5,"2":5,"3":5,"4":5,"5":5,"6":5,"7":5,"8":0,"9":5,"10":0,"11":5,"12":5,"13":0,"14":5,"15":0,"16":0,"17":5,"18":2,"19":2,"20":2,"21":2,"22":0,"23":0,"24":0,"25":5,"26":7,"27":2,"28":2,"29":0,"30":0,"31":1},"f":{"0":5,"1":0,"2":0,"3":0,"4":0,"5":2,"6":7,"7":2,"8":2,"9":0,"10":0,"11":1},"b":{"0":[5],"1":[2,0],"2":[2,2],"3":[0,0],"4":[5,5],"5":[5,0]},"_coverageSchema":"1a1c01bbd47fc00a2c39e90264f33305004495a9","hash":"eb6eb3da62066ef3777d4209b167deb30fd65bb4"}
,"/home/matt/Programming/snapping-rails/web/src/components/RailmapDraggableMarker.js": {"path":"/home/matt/Programming/snapping-rails/web/src/components/RailmapDraggableMarker.js","statementMap":{"0":{"start":{"line":6,"column":24},"end":{"line":97,"column":1}},"1":{"start":{"line":7,"column":40},"end":{"line":7,"column":55}},"2":{"start":{"line":8,"column":34},"end":{"line":8,"column":50}},"3":{"start":{"line":9,"column":20},"end":{"line":9,"column":32}},"4":{"start":{"line":10,"column":24},"end":{"line":20,"column":3}},"5":{"start":{"line":11,"column":11},"end":{"line":18,"column":5}},"6":{"start":{"line":13,"column":23},"end":{"line":13,"column":40}},"7":{"start":{"line":14,"column":8},"end":{"line":16,"column":9}},"8":{"start":{"line":15,"column":10},"end":{"line":15,"column":42}},"9":{"start":{"line":21,"column":28},"end":{"line":24,"column":3}},"10":{"start":{"line":22,"column":4},"end":{"line":22,"column":29}},"11":{"start":{"line":23,"column":4},"end":{"line":23,"column":23}},"12":{"start":{"line":26,"column":30},"end":{"line":28,"column":8}},"13":{"start":{"line":27,"column":4},"end":{"line":27,"column":32}},"14":{"start":{"line":27,"column":26},"end":{"line":27,"column":30}},"15":{"start":{"line":30,"column":24},"end":{"line":32,"column":3}},"16":{"start":{"line":31,"column":4},"end":{"line":31,"column":23}},"17":{"start":{"line":34,"column":19},"end":{"line":36,"column":4}},"18":{"start":{"line":38,"column":24},"end":{"line":48,"column":4}},"19":{"start":{"line":50,"column":2},"end":{"line":96,"column":4}}},"fnMap":{"0":{"name":"(anonymous_0)","decl":{"start":{"line":6,"column":24},"end":{"line":6,"column":25}},"loc":{"start":{"line":6,"column":74},"end":{"line":97,"column":1}},"line":6},"1":{"name":"(anonymous_1)","decl":{"start":{"line":11,"column":4},"end":{"line":11,"column":5}},"loc":{"start":{"line":11,"column":11},"end":{"line":18,"column":5}},"line":11},"2":{"name":"(anonymous_2)","decl":{"start":{"line":12,"column":6},"end":{"line":12,"column":7}},"loc":{"start":{"line":12,"column":16},"end":{"line":17,"column":7}},"line":12},"3":{"name":"(anonymous_3)","decl":{"start":{"line":21,"column":28},"end":{"line":21,"column":29}},"loc":{"start":{"line":21,"column":34},"end":{"line":24,"column":3}},"line":21},"4":{"name":"(anonymous_4)","decl":{"start":{"line":26,"column":42},"end":{"line":26,"column":43}},"loc":{"start":{"line":26,"column":48},"end":{"line":28,"column":3}},"line":26},"5":{"name":"(anonymous_5)","decl":{"start":{"line":27,"column":19},"end":{"line":27,"column":20}},"loc":{"start":{"line":27,"column":26},"end":{"line":27,"column":30}},"line":27},"6":{"name":"(anonymous_6)","decl":{"start":{"line":30,"column":24},"end":{"line":30,"column":25}},"loc":{"start":{"line":30,"column":30},"end":{"line":32,"column":3}},"line":30}},"branchMap":{"0":{"loc":{"start":{"line":14,"column":8},"end":{"line":16,"column":9}},"type":"if","locations":[{"start":{"line":14,"column":8},"end":{"line":16,"column":9}},{"start":{},"end":{}}],"line":14},"1":{"loc":{"start":{"line":62,"column":11},"end":{"line":92,"column":11}},"type":"cond-expr","locations":[{"start":{"line":63,"column":12},"end":{"line":87,"column":18}},{"start":{"line":89,"column":12},"end":{"line":91,"column":18}}],"line":62}},"s":{"0":2,"1":0,"2":0,"3":0,"4":0,"5":0,"6":0,"7":0,"8":0,"9":0,"10":0,"11":0,"12":0,"13":0,"14":0,"15":0,"16":0,"17":0,"18":0,"19":0},"f":{"0":0,"1":0,"2":0,"3":0,"4":0,"5":0,"6":0},"b":{"0":[0,0],"1":[0,0]},"_coverageSchema":"1a1c01bbd47fc00a2c39e90264f33305004495a9","hash":"4ce65fea9209a8f5ae3e8772bd2181bbc455f554"}
}
