TN:
SF:src/components/Railmap.js
FN:15,(anonymous_0)
FN:29,(anonymous_1)
FN:30,(anonymous_2)
FN:34,(anonymous_3)
FN:38,(anonymous_4)
FN:43,(anonymous_5)
FN:61,(anonymous_6)
FN:117,(anonymous_7)
FN:118,(anonymous_8)
FN:136,(anonymous_9)
FN:149,(anonymous_10)
FN:152,(anonymous_11)
FNF:12
FNH:6
FNDA:5,(anonymous_0)
FNDA:0,(anonymous_1)
FNDA:0,(anonymous_2)
FNDA:0,(anonymous_3)
FNDA:0,(anonymous_4)
FNDA:2,(anonymous_5)
FNDA:7,(anonymous_6)
FNDA:2,(anonymous_7)
FNDA:2,(anonymous_8)
FNDA:0,(anonymous_9)
FNDA:0,(anonymous_10)
FNDA:1,(anonymous_11)
DA:15,2
DA:16,5
DA:21,5
DA:23,5
DA:25,5
DA:26,5
DA:28,5
DA:29,5
DA:30,5
DA:32,5
DA:34,5
DA:35,0
DA:38,5
DA:39,0
DA:40,0
DA:43,5
DA:44,2
DA:45,2
DA:47,2
DA:48,2
DA:51,0
DA:52,0
DA:55,0
DA:58,5
DA:61,7
DA:117,2
DA:118,2
DA:137,0
DA:150,0
DA:153,1
LF:30
LH:22
BRDA:18,0,0,5
BRDA:47,1,0,2
BRDA:47,1,1,0
BRDA:47,2,0,2
BRDA:47,2,1,2
BRDA:51,3,0,0
BRDA:51,3,1,0
BRDA:135,4,0,5
BRDA:135,4,1,5
BRDA:140,5,0,5
BRDA:140,5,1,0
BRF:11
BRH:7
end_of_record
TN:
SF:src/components/RailmapDraggableMarker.js
FN:6,(anonymous_0)
FN:11,(anonymous_1)
FN:12,(anonymous_2)
FN:21,(anonymous_3)
FN:26,(anonymous_4)
FN:27,(anonymous_5)
FN:30,(anonymous_6)
FNF:7
FNH:0
FNDA:0,(anonymous_0)
FNDA:0,(anonymous_1)
FNDA:0,(anonymous_2)
FNDA:0,(anonymous_3)
FNDA:0,(anonymous_4)
FNDA:0,(anonymous_5)
FNDA:0,(anonymous_6)
DA:6,2
DA:7,0
DA:8,0
DA:9,0
DA:10,0
DA:11,0
DA:13,0
DA:14,0
DA:15,0
DA:21,0
DA:22,0
DA:23,0
DA:26,0
DA:27,0
DA:30,0
DA:31,0
DA:34,0
DA:38,0
DA:50,0
LF:19
LH:1
BRDA:14,0,0,0
BRDA:14,0,1,0
BRDA:62,1,0,0
BRDA:62,1,1,0
BRF:4
BRH:0
end_of_record
